The target system is: Generic - 4.0.99 - arm
The host system is: Darwin - 24.0.0 - arm64
Compiling the C compiler identification source file "CMakeCCompilerId.c" succeeded.
Compiler: /opt/nordic/ncs/toolchains/b8efef2ad5/opt/zephyr-sdk/arm-zephyr-eabi/bin/arm-zephyr-eabi-gcc 
Build flags: 
Id flags: -c 

The output was:
0


Compilation of the C compiler identification source "CMakeCCompilerId.c" produced "CMakeCCompilerId.o"

The C compiler identification is GNU, found in "/opt/nordic/ncs/v3.0.0/zephyr/samples/basic/rgb_led/build/rgb_led/CMakeFiles/3.21.0/CompilerIdC/CMakeCCompilerId.o"

Compiling the CXX compiler identification source file "CMakeCXXCompilerId.cpp" succeeded.
Compiler: /opt/nordic/ncs/toolchains/b8efef2ad5/opt/zephyr-sdk/arm-zephyr-eabi/bin/arm-zephyr-eabi-g++ 
Build flags: 
Id flags: -c 

The output was:
0


Compilation of the CXX compiler identification source "CMakeCXXCompilerId.cpp" produced "CMakeCXXCompilerId.o"

The CXX compiler identification is GNU, found in "/opt/nordic/ncs/v3.0.0/zephyr/samples/basic/rgb_led/build/rgb_led/CMakeFiles/3.21.0/CompilerIdCXX/CMakeCXXCompilerId.o"

Checking whether the ASM compiler is GNU using "--version" matched "(GNU assembler)|(GCC)|(Free Software Foundation)":
arm-zephyr-eabi-gcc (Zephyr SDK 0.17.0) 12.2.0
Copyright (C) 2022 Free Software Foundation, Inc.
This is free software; see the source for copying conditions.  There is NO
warranty; not even for MERCHANTABILITY or FITNESS FOR A PARTICULAR PURPOSE.

Performing C SOURCE FILE Test check_C__nostartfiles__nostdlib__isystem___opt_nordic_ncs_toolchains_b8efef2ad5_opt_zephyr_sdk_arm_zephyr_eabi_bin____lib_gcc_arm_zephyr_eabi_12_2_0_include___isystem___opt_nordic_ncs_toolchains_b8efef2ad5_opt_zephyr_sdk_arm_zephyr_eabi_bin____lib_gcc_arm_zephyr_eabi_12_2_0_include_fixed___Wl___unresolved_symbols_ignore_in_object_files__Wl___entry_0__fuse_ld_bfd__mcpu_cortex_m33__mthumb__mabi_aapcs__mfp16_format_ieee__fuse_ld_bfd succeeded with the following output:
Change Dir: /opt/nordic/ncs/v3.0.0/zephyr/samples/basic/rgb_led/build/rgb_led/CMakeFiles/CMakeTmp

Run Build Command(s):/opt/nordic/ncs/toolchains/b8efef2ad5/bin/ninja cmTC_a8cba && [1/2] Building C object CMakeFiles/cmTC_a8cba.dir/src.c.obj
[2/2] Linking C executable cmTC_a8cba


Source file was:
int main(void) { return 0; }
